<?xml version="1.0" encoding="UTF-8"?>
<!-- Generated by org.testng.reporters.JUnitXMLReporter -->
<testsuite ignored="0" hostname="DellLT3410" failures="0" tests="8" name="Surefire test" time="96.683" errors="0" timestamp="2025-01-23T20:50:35 IST">
  <testcase classname="shubhampractice.AutoProject.tests.ErrorValidationTest" name="LoginErrorValidation" time="1.345"/>
  <testcase classname="shubhampractice.AutoProject.tests.ErrorValidationTest" name="ProductErrorValidation" time="5.451"/>
  <testcase classname="shubhampractice.AutoProject.tests.JsonSubmitOrderTest" name="submitOrder" time="7.315"/>
  <testcase classname="shubhampractice.AutoProject.tests.JsonSubmitOrderTest" name="submitOrder" time="6.815"/>
  <testcase classname="shubhampractice.AutoProject.tests.JsonSubmitOrderTest" name="OrderHistoryTest" time="1.617"/>
  <testcase classname="shubhampractice.AutoProject.tests.SubmitOrderTest" name="submitOrder" time="7.394"/>
  <testcase classname="shubhampractice.AutoProject.tests.SubmitOrderTest" name="submitOrder" time="6.488"/>
  <testcase classname="shubhampractice.AutoProject.tests.SubmitOrderTest" name="OrderHistoryTest" time="1.615"/>
</testsuite> <!-- Surefire test -->
