<?xml version="1.0" encoding="UTF-8"?>
<!-- Generated by org.testng.reporters.JUnitXMLReporter -->
<testsuite ignored="0" hostname="DellLT3410" failures="0" tests="2" name="Default test" time="13.544" errors="0" timestamp="2025-01-23T00:04:58 IST">
  <testcase classname="shubhampractice.AutoProject.tests.ErrorValidationTest" name="LoginErrorValidation" time="1.05"/>
  <testcase classname="shubhampractice.AutoProject.tests.ErrorValidationTest" name="ProductErrorValidation" time="3.965"/>
</testsuite> <!-- Default test -->
