<?xml version="1.0" encoding="UTF-8"?>
<!-- Generated by org.testng.reporters.JUnitXMLReporter -->
<testsuite ignored="0" hostname="DellLT3410" failures="0" tests="3" name="SubmitOrder" time="20.308" errors="0" timestamp="2025-01-23T00:24:21 IST">
  <testcase classname="shubhampractice.AutoProject.tests.SubmitOrderTest" name="submitOrder" time="5.289"/>
  <testcase classname="shubhampractice.AutoProject.tests.SubmitOrderTest" name="submitOrder" time="5.069"/>
  <testcase classname="shubhampractice.AutoProject.tests.SubmitOrderTest" name="OrderHistoryTest" time="1.477"/>
</testsuite> <!-- SubmitOrder -->
