<?xml version="1.0" encoding="UTF-8"?>
<!-- Generated by org.testng.reporters.JUnitXMLReporter -->
<testsuite ignored="0" hostname="DellLT3410" failures="1" tests="1" name="Test" time="0.088" errors="0" timestamp="2025-01-20T00:13:59 IST">
  <testcase classname="shubhampractice.AutoProject.tests.t1" name="submitOrder" time="0.017">
    <failure type="java.lang.NullPointerException" message="Cannot invoke &amp;quot;org.openqa.selenium.WebDriver.manage()&amp;quot; because &amp;quot;this.driver&amp;quot; is null">
      <![CDATA[java.lang.NullPointerException: Cannot invoke "org.openqa.selenium.WebDriver.manage()" because "this.driver" is null
at shubhampractice.AutoProject.BaseTest.BaseTest.initializeDriver(BaseTest.java:47)
at shubhampractice.AutoProject.BaseTest.BaseTest.launchApplication(BaseTest.java:54)
at shubhampractice.AutoProject.tests.t1.submitOrder(t1.java:28)
at java.base/java.util.ArrayList.forEach(ArrayList.java:1596)
... Removed 25 stack frames]]>
    </failure>
  </testcase> <!-- submitOrder -->
</testsuite> <!-- Test -->
