<?xml version="1.0" encoding="UTF-8"?>
<!-- Generated by org.testng.reporters.JUnitXMLReporter -->
<testsuite ignored="0" hostname="DellLT3410" failures="0" tests="3" name="SubmitOrder" time="41.687" errors="0" timestamp="2025-01-23T20:47:28 IST">
  <testcase classname="shubhampractice.AutoProject.tests.SubmitOrderTest" name="submitOrder" time="6.529"/>
  <testcase classname="shubhampractice.AutoProject.tests.SubmitOrderTest" name="submitOrder" time="10.204"/>
  <testcase classname="shubhampractice.AutoProject.tests.SubmitOrderTest" name="OrderHistoryTest" time="2.262"/>
</testsuite> <!-- SubmitOrder -->
